0 info it worked if it ends with ok
1 verbose cli [ '/usr/local/bin/node',
1 verbose cli   '/usr/local/bin/npm',
1 verbose cli   'install',
1 verbose cli   'promise' ]
2 info using npm@3.10.2
3 info using node@v4.2.6
4 silly loadCurrentTree Starting
5 silly install loadCurrentTree
6 silly install readLocalPackageData
7 silly fetchPackageMetaData promise
8 silly fetchNamedPackageData promise
9 silly mapToRegistry name promise
10 silly mapToRegistry using default registry
11 silly mapToRegistry registry https://registry.npmjs.org/
12 silly mapToRegistry data Result {
12 silly mapToRegistry   raw: 'promise',
12 silly mapToRegistry   scope: null,
12 silly mapToRegistry   escapedName: 'promise',
12 silly mapToRegistry   name: 'promise',
12 silly mapToRegistry   rawSpec: '',
12 silly mapToRegistry   spec: 'latest',
12 silly mapToRegistry   type: 'tag' }
13 silly mapToRegistry uri https://registry.npmjs.org/promise
14 verbose request uri https://registry.npmjs.org/promise
15 verbose request no auth needed
16 info attempt registry request try #1 at 5:29:04 PM
17 verbose request id a3a14f2c73014f96
18 verbose etag "EOL8EOFJZK6LIBM0YLZAJNKM3"
19 http request GET https://registry.npmjs.org/promise
20 http 200 https://registry.npmjs.org/promise
21 verbose headers { server: 'CouchDB/1.5.0 (Erlang OTP/R16B03)',
21 verbose headers   etag: '"DHLUUS0368AV8FBWO5LC9VGNJ"',
21 verbose headers   'content-type': 'application/json',
21 verbose headers   'content-encoding': 'gzip',
21 verbose headers   'cache-control': 'max-age=300',
21 verbose headers   'content-length': '7701',
21 verbose headers   'accept-ranges': 'bytes',
21 verbose headers   date: 'Thu, 28 Jul 2016 16:29:04 GMT',
21 verbose headers   via: '1.1 varnish',
21 verbose headers   age: '277',
21 verbose headers   connection: 'keep-alive',
21 verbose headers   'x-served-by': 'cache-fra1245-FRA',
21 verbose headers   'x-cache': 'HIT',
21 verbose headers   'x-cache-hits': '6',
21 verbose headers   'x-timer': 'S1469723344.697116,VS0,VE0',
21 verbose headers   vary: 'Accept-Encoding' }
22 silly get cb [ 200,
22 silly get   { server: 'CouchDB/1.5.0 (Erlang OTP/R16B03)',
22 silly get     etag: '"DHLUUS0368AV8FBWO5LC9VGNJ"',
22 silly get     'content-type': 'application/json',
22 silly get     'content-encoding': 'gzip',
22 silly get     'cache-control': 'max-age=300',
22 silly get     'content-length': '7701',
22 silly get     'accept-ranges': 'bytes',
22 silly get     date: 'Thu, 28 Jul 2016 16:29:04 GMT',
22 silly get     via: '1.1 varnish',
22 silly get     age: '277',
22 silly get     connection: 'keep-alive',
22 silly get     'x-served-by': 'cache-fra1245-FRA',
22 silly get     'x-cache': 'HIT',
22 silly get     'x-cache-hits': '6',
22 silly get     'x-timer': 'S1469723344.697116,VS0,VE0',
22 silly get     vary: 'Accept-Encoding' } ]
23 verbose get saving promise to /Users/Cathal/.npm/registry.npmjs.org/promise/.cache.json
24 verbose correctMkdir /Users/Cathal/.npm correctMkdir not in flight; initializing
25 silly install normalizeTree
26 silly loadCurrentTree Finishing
27 silly loadIdealTree Starting
28 silly install loadIdealTree
29 silly cloneCurrentTree Starting
30 silly install cloneCurrentTreeToIdealTree
31 silly cloneCurrentTree Finishing
32 silly loadShrinkwrap Starting
33 silly install loadShrinkwrap
34 silly loadShrinkwrap Finishing
35 silly loadAllDepsIntoIdealTree Starting
36 silly install loadAllDepsIntoIdealTree
37 silly resolveWithNewModule promise@7.1.1 checking installable status
38 silly cache add args [ 'promise', null ]
39 verbose cache add spec promise
40 silly cache add parsed spec Result {
40 silly cache add   raw: 'promise',
40 silly cache add   scope: null,
40 silly cache add   escapedName: 'promise',
40 silly cache add   name: 'promise',
40 silly cache add   rawSpec: '',
40 silly cache add   spec: 'latest',
40 silly cache add   type: 'tag' }
41 silly addNamed promise@latest
42 verbose addNamed "latest" is being treated as a dist-tag for promise
43 info addNameTag [ 'promise', 'latest' ]
44 silly mapToRegistry name promise
45 silly mapToRegistry using default registry
46 silly mapToRegistry registry https://registry.npmjs.org/
47 silly mapToRegistry data Result {
47 silly mapToRegistry   raw: 'promise',
47 silly mapToRegistry   scope: null,
47 silly mapToRegistry   escapedName: 'promise',
47 silly mapToRegistry   name: 'promise',
47 silly mapToRegistry   rawSpec: '',
47 silly mapToRegistry   spec: 'latest',
47 silly mapToRegistry   type: 'tag' }
48 silly mapToRegistry uri https://registry.npmjs.org/promise
49 verbose addNameTag registry:https://registry.npmjs.org/promise not in flight; fetching
50 verbose get https://registry.npmjs.org/promise not expired, no request
51 silly addNameTag next cb for promise with tag latest
52 silly addNamed promise@7.1.1
53 verbose addNamed "7.1.1" is a plain semver version for promise
54 silly mapToRegistry name promise
55 silly mapToRegistry using default registry
56 silly mapToRegistry registry https://registry.npmjs.org/
57 silly mapToRegistry data Result {
57 silly mapToRegistry   raw: 'promise',
57 silly mapToRegistry   scope: null,
57 silly mapToRegistry   escapedName: 'promise',
57 silly mapToRegistry   name: 'promise',
57 silly mapToRegistry   rawSpec: '',
57 silly mapToRegistry   spec: 'latest',
57 silly mapToRegistry   type: 'tag' }
58 silly mapToRegistry uri https://registry.npmjs.org/promise
59 verbose addRemoteTarball https://registry.npmjs.org/promise/-/promise-7.1.1.tgz not in flight; adding
60 verbose addRemoteTarball [ 'https://registry.npmjs.org/promise/-/promise-7.1.1.tgz',
60 verbose addRemoteTarball   '489654c692616b8aa55b0724fa809bb7db49c5bf' ]
61 info retry fetch attempt 1 at 5:29:04 PM
62 info attempt registry request try #1 at 5:29:04 PM
63 http fetch GET https://registry.npmjs.org/promise/-/promise-7.1.1.tgz
64 http fetch 200 https://registry.npmjs.org/promise/-/promise-7.1.1.tgz
65 silly fetchAndShaCheck shasum 489654c692616b8aa55b0724fa809bb7db49c5bf
66 verbose addTmpTarball /var/folders/0h/j7163wg52kncw9pf1dltszhm0000gn/T/npm-1606-8f3ccb53/registry.npmjs.org/promise/-/promise-7.1.1.tgz not in flight; adding
67 verbose addTmpTarball already have metadata; skipping unpack for promise@7.1.1
68 verbose correctMkdir /Users/Cathal/.npm correctMkdir not in flight; initializing
69 silly rollbackFailedOptional Starting
70 silly rollbackFailedOptional Finishing
71 silly runTopLevelLifecycles Starting
72 silly runTopLevelLifecycles Finishing
73 silly install printInstalled
74 verbose stack Error: EACCES: permission denied, mkdir '/Users/Cathal/.npm/promise/7.1.1'
74 verbose stack     at Error (native)
75 verbose cwd /Users/Cathal/Drive/Plezica/wind-rose
76 error Darwin 15.5.0
77 error argv "/usr/local/bin/node" "/usr/local/bin/npm" "install" "promise"
78 error node v4.2.6
79 error npm  v3.10.2
80 error path /Users/Cathal/.npm/promise/7.1.1
81 error code EACCES
82 error errno -13
83 error syscall mkdir
84 error Error: EACCES: permission denied, mkdir '/Users/Cathal/.npm/promise/7.1.1'
84 error     at Error (native)
84 error  { [Error: EACCES: permission denied, mkdir '/Users/Cathal/.npm/promise/7.1.1']
84 error   errno: -13,
84 error   code: 'EACCES',
84 error   syscall: 'mkdir',
84 error   path: '/Users/Cathal/.npm/promise/7.1.1',
84 error   parent: 'wind-rose' }
85 error Please try running this command again as root/Administrator.
86 verbose exit [ -13, true ]
